# JRE version: OpenJDK Runtime Environment (11.0.6+8) (build 11.0.6+8-b765.25)
# Java VM: OpenJDK 64-Bit Server VM (11.0.6+8-b765.25, mixed mode, sharing, tiered, compressed oops, g1 gc, windows-amd64)
Heap:
 garbage-first heap   total 92160K, used 59678K [0x00000000a0000000, 0x0000000100000000)
  region size 1024K, 1 young (1024K), 1 survivors (1024K)
 Metaspace       used 44218K, capacity 45576K, committed 45744K, reserved 1089536K
  class space    used 5930K, capacity 6323K, committed 6400K, reserved 1048576K
GC Heap History (20 events):
Event: 21.937 GC heap after
{Heap after GC invocations=26 (full 0):
 garbage-first heap   total 63488K, used 42905K [0x00000000a0000000, 0x0000000100000000)
  region size 1024K, 2 young (2048K), 2 survivors (2048K)
 Metaspace       used 34567K, capacity 35621K, committed 35760K, reserved 1079296K
  class space    used 4758K, capacity 5054K, committed 5120K, reserved 1048576K
}
Event: 22.966 GC heap before
{Heap before GC invocations=27 (full 0):
 garbage-first heap   total 63488K, used 52121K [0x00000000a0000000, 0x0000000100000000)
  region size 1024K, 11 young (11264K), 2 survivors (2048K)
 Metaspace       used 35067K, capacity 36137K, committed 36400K, reserved 1081344K
  class space    used 4807K, capacity 5141K, committed 5248K, reserved 1048576K
}
Event: 22.973 GC heap after
{Heap after GC invocations=28 (full 0):
 garbage-first heap   total 63488K, used 43462K [0x00000000a0000000, 0x0000000100000000)
  region size 1024K, 2 young (2048K), 2 survivors (2048K)
 Metaspace       used 35067K, capacity 36137K, committed 36400K, reserved 1081344K
  class space    used 4807K, capacity 5141K, committed 5248K, reserved 1048576K
}
Event: 23.624 GC heap before
{Heap before GC invocations=28 (full 0):
 garbage-first heap   total 63488K, used 51654K [0x00000000a0000000, 0x0000000100000000)
  region size 1024K, 11 young (11264K), 2 survivors (2048K)
 Metaspace       used 35486K, capacity 36623K, committed 36912K, reserved 1081344K
  class space    used 4863K, capacity 5195K, committed 5248K, reserved 1048576K
}
Event: 23.635 GC heap after
{Heap after GC invocations=29 (full 0):
 garbage-first heap   total 76800K, used 46560K [0x00000000a0000000, 0x0000000100000000)
  region size 1024K, 2 young (2048K), 2 survivors (2048K)
 Metaspace       used 35486K, capacity 36623K, committed 36912K, reserved 1081344K
  class space    used 4863K, capacity 5195K, committed 5248K, reserved 1048576K
}
Event: 24.629 GC heap before
{Heap before GC invocations=30 (full 0):
 garbage-first heap   total 76800K, used 62944K [0x00000000a0000000, 0x0000000100000000)
  region size 1024K, 15 young (15360K), 2 survivors (2048K)
 Metaspace       used 36464K, capacity 37644K, committed 37808K, reserved 1081344K
  class space    used 4995K, capacity 5342K, committed 5376K, reserved 1048576K
}
Event: 24.635 GC heap after
{Heap after GC invocations=31 (full 0):
 garbage-first heap   total 76800K, used 53834K [0x00000000a0000000, 0x0000000100000000)
  region size 1024K, 2 young (2048K), 2 survivors (2048K)
 Metaspace       used 36464K, capacity 37644K, committed 37808K, reserved 1081344K
  class space    used 4995K, capacity 5342K, committed 5376K, reserved 1048576K
}
Event: 25.415 GC heap before
{Heap before GC invocations=31 (full 0):
 garbage-first heap   total 76800K, used 63050K [0x00000000a0000000, 0x0000000100000000)
  region size 1024K, 11 young (11264K), 2 survivors (2048K)
 Metaspace       used 38707K, capacity 39942K, committed 40112K, reserved 1083392K
  class space    used 5272K, capacity 5616K, committed 5632K, reserved 1048576K
}
Event: 25.422 GC heap after
{Heap after GC invocations=32 (full 0):
 garbage-first heap   total 76800K, used 54579K [0x00000000a0000000, 0x0000000100000000)
  region size 1024K, 1 young (1024K), 1 survivors (1024K)
 Metaspace       used 38707K, capacity 39942K, committed 40112K, reserved 1083392K
  class space    used 5272K, capacity 5616K, committed 5632K, reserved 1048576K
}
Event: 26.201 GC heap before
{Heap before GC invocations=33 (full 0):
 garbage-first heap   total 76800K, used 62771K [0x00000000a0000000, 0x0000000100000000)
  region size 1024K, 9 young (9216K), 1 survivors (1024K)
 Metaspace       used 40058K, capacity 41321K, committed 41648K, reserved 1085440K
  class space    used 5424K, capacity 5777K, committed 5888K, reserved 1048576K
}
Event: 26.205 GC heap after
{Heap after GC invocations=34 (full 0):
 garbage-first heap   total 76800K, used 54677K [0x00000000a0000000, 0x0000000100000000)
  region size 1024K, 1 young (1024K), 1 survivors (1024K)
 Metaspace       used 40058K, capacity 41321K, committed 41648K, reserved 1085440K
  class space    used 5424K, capacity 5777K, committed 5888K, reserved 1048576K
}
Event: 26.836 GC heap before
{Heap before GC invocations=34 (full 0):
 garbage-first heap   total 76800K, used 61845K [0x00000000a0000000, 0x0000000100000000)
  region size 1024K, 9 young (9216K), 1 survivors (1024K)
 Metaspace       used 41441K, capacity 42681K, committed 42800K, reserved 1085440K
  class space    used 5554K, capacity 5911K, committed 6016K, reserved 1048576K
}
Event: 26.841 GC heap after
{Heap after GC invocations=35 (full 0):
 garbage-first heap   total 76800K, used 54967K [0x00000000a0000000, 0x0000000100000000)
  region size 1024K, 2 young (2048K), 2 survivors (2048K)
 Metaspace       used 41441K, capacity 42681K, committed 42800K, reserved 1085440K
  class space    used 5554K, capacity 5911K, committed 6016K, reserved 1048576K
}
Event: 27.396 GC heap before
{Heap before GC invocations=36 (full 0):
 garbage-first heap   total 76800K, used 63159K [0x00000000a0000000, 0x0000000100000000)
  region size 1024K, 10 young (10240K), 2 survivors (2048K)
 Metaspace       used 42223K, capacity 43537K, committed 43696K, reserved 1087488K
  class space    used 5688K, capacity 6092K, committed 6144K, reserved 1048576K
}
Event: 27.404 GC heap after
{Heap after GC invocations=37 (full 0):
 garbage-first heap   total 76800K, used 55273K [0x00000000a0000000, 0x0000000100000000)
  region size 1024K, 1 young (1024K), 1 survivors (1024K)
 Metaspace       used 42223K, capacity 43537K, committed 43696K, reserved 1087488K
  class space    used 5688K, capacity 6092K, committed 6144K, reserved 1048576K
}
Event: 28.081 GC heap before
{Heap before GC invocations=37 (full 0):
 garbage-first heap   total 76800K, used 62441K [0x00000000a0000000, 0x0000000100000000)
  region size 1024K, 9 young (9216K), 1 survivors (1024K)
 Metaspace       used 43849K, capacity 45160K, committed 45488K, reserved 1089536K
  class space    used 5876K, capacity 6291K, committed 6400K, reserved 1048576K
}
Event: 28.086 GC heap after
{Heap after GC invocations=38 (full 0):
 garbage-first heap   total 76800K, used 56360K [0x00000000a0000000, 0x0000000100000000)
  region size 1024K, 2 young (2048K), 2 survivors (2048K)
 Metaspace       used 43849K, capacity 45160K, committed 45488K, reserved 1089536K
  class space    used 5876K, capacity 6291K, committed 6400K, reserved 1048576K
}
Event: 28.201 GC heap before
{Heap before GC invocations=38 (full 0):
 garbage-first heap   total 76800K, used 62504K [0x00000000a0000000, 0x0000000100000000)
  region size 1024K, 9 young (9216K), 2 survivors (2048K)
 Metaspace       used 43860K, capacity 45160K, committed 45488K, reserved 1089536K
  class space    used 5876K, capacity 6291K, committed 6400K, reserved 1048576K
}
Event: 28.211 GC heap after
{Heap after GC invocations=39 (full 0):
 garbage-first heap   total 76800K, used 59141K [0x00000000a0000000, 0x0000000100000000)
  region size 1024K, 2 young (2048K), 2 survivors (2048K)
 Metaspace       used 43860K, capacity 45160K, committed 45488K, reserved 1089536K
  class space    used 5876K, capacity 6291K, committed 6400K, reserved 1048576K
}
Event: 28.548 GC heap before
{Heap before GC invocations=40 (full 0):
 garbage-first heap   total 76800K, used 64261K [0x00000000a0000000, 0x0000000100000000)
  region size 1024K, 7 young (7168K), 2 survivors (2048K)
 Metaspace       used 44218K, capacity 45576K, committed 45744K, reserved 1089536K
  class space    used 5930K, capacity 6323K, committed 6400K, reserved 1048576K
}

