# JRE version: OpenJDK Runtime Environment (11.0.6+8) (build 11.0.6+8-b765.25)
# Java VM: OpenJDK 64-Bit Server VM (11.0.6+8-b765.25, mixed mode, sharing, tiered, compressed oops, g1 gc, windows-amd64)
Heap:
 garbage-first heap   total 76800K, used 33555K [0x00000000a0000000, 0x0000000100000000)
  region size 1024K, 1 young (1024K), 1 survivors (1024K)
 Metaspace       used 20632K, capacity 21152K, committed 21296K, reserved 1067008K
  class space    used 2910K, capacity 3124K, committed 3200K, reserved 1048576K
GC Heap History (17 events):
Event: 1.215 GC heap before
{Heap before GC invocations=0 (full 0):
 garbage-first heap   total 63488K, used 19456K [0x00000000a0000000, 0x0000000100000000)
  region size 1024K, 14 young (14336K), 0 survivors (0K)
 Metaspace       used 2184K, capacity 5526K, committed 5760K, reserved 1056768K
  class space    used 259K, capacity 583K, committed 640K, reserved 1048576K
}
Event: 1.225 GC heap after
{Heap after GC invocations=1 (full 0):
 garbage-first heap   total 63488K, used 7794K [0x00000000a0000000, 0x0000000100000000)
  region size 1024K, 2 young (2048K), 2 survivors (2048K)
 Metaspace       used 2184K, capacity 5526K, committed 5760K, reserved 1056768K
  class space    used 259K, capacity 583K, committed 640K, reserved 1048576K
}
Event: 1.778 GC heap before
{Heap before GC invocations=1 (full 0):
 garbage-first heap   total 63488K, used 14962K [0x00000000a0000000, 0x0000000100000000)
  region size 1024K, 9 young (9216K), 2 survivors (2048K)
 Metaspace       used 3418K, capacity 6345K, committed 6400K, reserved 1056768K
  class space    used 444K, capacity 731K, committed 768K, reserved 1048576K
}
Event: 1.787 GC heap after
{Heap after GC invocations=2 (full 0):
 garbage-first heap   total 63488K, used 8331K [0x00000000a0000000, 0x0000000100000000)
  region size 1024K, 1 young (1024K), 1 survivors (1024K)
 Metaspace       used 3418K, capacity 6345K, committed 6400K, reserved 1056768K
  class space    used 444K, capacity 731K, committed 768K, reserved 1048576K
}
Event: 2.382 GC heap before
{Heap before GC invocations=2 (full 0):
 garbage-first heap   total 63488K, used 26763K [0x00000000a0000000, 0x0000000100000000)
  region size 1024K, 20 young (20480K), 1 survivors (1024K)
 Metaspace       used 4054K, capacity 6655K, committed 6784K, reserved 1056768K
  class space    used 511K, capacity 770K, committed 896K, reserved 1048576K
}
Event: 2.387 GC heap after
{Heap after GC invocations=3 (full 0):
 garbage-first heap   total 63488K, used 9484K [0x00000000a0000000, 0x0000000100000000)
  region size 1024K, 2 young (2048K), 2 survivors (2048K)
 Metaspace       used 4054K, capacity 6655K, committed 6784K, reserved 1056768K
  class space    used 511K, capacity 770K, committed 896K, reserved 1048576K
}
Event: 3.635 GC heap before
{Heap before GC invocations=3 (full 0):
 garbage-first heap   total 63488K, used 32012K [0x00000000a0000000, 0x0000000100000000)
  region size 1024K, 24 young (24576K), 2 survivors (2048K)
 Metaspace       used 6290K, capacity 8089K, committed 8320K, reserved 1056768K
  class space    used 882K, capacity 1125K, committed 1152K, reserved 1048576K
}
Event: 3.645 GC heap after
{Heap after GC invocations=4 (full 0):
 garbage-first heap   total 63488K, used 13841K [0x00000000a0000000, 0x0000000100000000)
  region size 1024K, 3 young (3072K), 3 survivors (3072K)
 Metaspace       used 6290K, capacity 8089K, committed 8320K, reserved 1056768K
  class space    used 882K, capacity 1125K, committed 1152K, reserved 1048576K
}
Event: 6.809 GC heap before
{Heap before GC invocations=4 (full 0):
 garbage-first heap   total 63488K, used 35345K [0x00000000a0000000, 0x0000000100000000)
  region size 1024K, 24 young (24576K), 3 survivors (3072K)
 Metaspace       used 10812K, capacity 11240K, committed 11520K, reserved 1058816K
  class space    used 1541K, capacity 1689K, committed 1792K, reserved 1048576K
}
Event: 6.817 GC heap after
{Heap after GC invocations=5 (full 0):
 garbage-first heap   total 63488K, used 15263K [0x00000000a0000000, 0x0000000100000000)
  region size 1024K, 2 young (2048K), 2 survivors (2048K)
 Metaspace       used 10812K, capacity 11240K, committed 11520K, reserved 1058816K
  class space    used 1541K, capacity 1689K, committed 1792K, reserved 1048576K
}
Event: 7.631 GC heap before
{Heap before GC invocations=5 (full 0):
 garbage-first heap   total 63488K, used 37791K [0x00000000a0000000, 0x0000000100000000)
  region size 1024K, 24 young (24576K), 2 survivors (2048K)
 Metaspace       used 13692K, capacity 14201K, committed 14336K, reserved 1060864K
  class space    used 2010K, capacity 2190K, committed 2304K, reserved 1048576K
}
Event: 7.638 GC heap after
{Heap after GC invocations=6 (full 0):
 garbage-first heap   total 63488K, used 16357K [0x00000000a0000000, 0x0000000100000000)
  region size 1024K, 3 young (3072K), 3 survivors (3072K)
 Metaspace       used 13692K, capacity 14201K, committed 14336K, reserved 1060864K
  class space    used 2010K, capacity 2190K, committed 2304K, reserved 1048576K
}
Event: 8.750 GC heap before
{Heap before GC invocations=6 (full 0):
 garbage-first heap   total 63488K, used 46053K [0x00000000a0000000, 0x0000000100000000)
  region size 1024K, 25 young (25600K), 3 survivors (3072K)
 Metaspace       used 16573K, capacity 17164K, committed 17280K, reserved 1064960K
  class space    used 2451K, capacity 2658K, committed 2688K, reserved 1048576K
}
Event: 8.760 GC heap after
{Heap after GC invocations=7 (full 0):
 garbage-first heap   total 63488K, used 26412K [0x00000000a0000000, 0x0000000100000000)
  region size 1024K, 4 young (4096K), 4 survivors (4096K)
 Metaspace       used 16573K, capacity 17164K, committed 17280K, reserved 1064960K
  class space    used 2451K, capacity 2658K, committed 2688K, reserved 1048576K
}
Event: 9.818 GC heap before
{Heap before GC invocations=7 (full 0):
 garbage-first heap   total 63488K, used 49964K [0x00000000a0000000, 0x0000000100000000)
  region size 1024K, 23 young (23552K), 4 survivors (4096K)
 Metaspace       used 19684K, capacity 20254K, committed 20480K, reserved 1067008K
  class space    used 2834K, capacity 3058K, committed 3072K, reserved 1048576K
}
Event: 9.830 GC heap after
{Heap after GC invocations=8 (full 0):
 garbage-first heap   total 63488K, used 32957K [0x00000000a0000000, 0x0000000100000000)
  region size 1024K, 3 young (3072K), 3 survivors (3072K)
 Metaspace       used 19684K, capacity 20254K, committed 20480K, reserved 1067008K
  class space    used 2834K, capacity 3058K, committed 3072K, reserved 1048576K
}
Event: 9.984 GC heap before
{Heap before GC invocations=8 (full 0):
 garbage-first heap   total 63488K, used 33981K [0x00000000a0000000, 0x0000000100000000)
  region size 1024K, 5 young (5120K), 3 survivors (3072K)
 Metaspace       used 20632K, capacity 21152K, committed 21296K, reserved 1067008K
  class space    used 2910K, capacity 3124K, committed 3200K, reserved 1048576K
}

