# JRE version: OpenJDK Runtime Environment (11.0.6+8) (build 11.0.6+8-b765.25)
# Java VM: OpenJDK 64-Bit Server VM (11.0.6+8-b765.25, mixed mode, sharing, tiered, compressed oops, g1 gc, windows-amd64)
Heap:
 garbage-first heap   total 76800K, used 37278K [0x00000000a0000000, 0x0000000100000000)
  region size 1024K, 4 young (4096K), 2 survivors (2048K)
 Metaspace       used 27715K, capacity 28478K, committed 28592K, reserved 1073152K
  class space    used 3837K, capacity 4090K, committed 4096K, reserved 1048576K
GC Heap History (20 events):
Event: 1.603 GC heap before
{Heap before GC invocations=1 (full 0):
 garbage-first heap   total 63488K, used 13968K [0x00000000a0000000, 0x0000000100000000)
  region size 1024K, 8 young (8192K), 2 survivors (2048K)
 Metaspace       used 3171K, capacity 6121K, committed 6400K, reserved 1056768K
  class space    used 412K, capacity 699K, committed 768K, reserved 1048576K
}
Event: 1.609 GC heap after
{Heap after GC invocations=2 (full 0):
 garbage-first heap   total 63488K, used 8367K [0x00000000a0000000, 0x0000000100000000)
  region size 1024K, 1 young (1024K), 1 survivors (1024K)
 Metaspace       used 3171K, capacity 6121K, committed 6400K, reserved 1056768K
  class space    used 412K, capacity 699K, committed 768K, reserved 1048576K
}
Event: 2.248 GC heap before
{Heap before GC invocations=2 (full 0):
 garbage-first heap   total 63488K, used 27823K [0x00000000a0000000, 0x0000000100000000)
  region size 1024K, 20 young (20480K), 1 survivors (1024K)
 Metaspace       used 4047K, capacity 6655K, committed 6784K, reserved 1056768K
  class space    used 511K, capacity 770K, committed 896K, reserved 1048576K
}
Event: 2.253 GC heap after
{Heap after GC invocations=3 (full 0):
 garbage-first heap   total 63488K, used 9025K [0x00000000a0000000, 0x0000000100000000)
  region size 1024K, 2 young (2048K), 2 survivors (2048K)
 Metaspace       used 4047K, capacity 6655K, committed 6784K, reserved 1056768K
  class space    used 511K, capacity 770K, committed 896K, reserved 1048576K
}
Event: 3.378 GC heap before
{Heap before GC invocations=3 (full 0):
 garbage-first heap   total 63488K, used 30529K [0x00000000a0000000, 0x0000000100000000)
  region size 1024K, 24 young (24576K), 2 survivors (2048K)
 Metaspace       used 6111K, capacity 7929K, committed 8064K, reserved 1056768K
  class space    used 847K, capacity 1093K, committed 1152K, reserved 1048576K
}
Event: 3.389 GC heap after
{Heap after GC invocations=4 (full 0):
 garbage-first heap   total 63488K, used 13705K [0x00000000a0000000, 0x0000000100000000)
  region size 1024K, 3 young (3072K), 3 survivors (3072K)
 Metaspace       used 6111K, capacity 7929K, committed 8064K, reserved 1056768K
  class space    used 847K, capacity 1093K, committed 1152K, reserved 1048576K
}
Event: 6.820 GC heap before
{Heap before GC invocations=4 (full 0):
 garbage-first heap   total 63488K, used 36233K [0x00000000a0000000, 0x0000000100000000)
  region size 1024K, 25 young (25600K), 3 survivors (3072K)
 Metaspace       used 10844K, capacity 11308K, committed 11520K, reserved 1058816K
  class space    used 1549K, capacity 1689K, committed 1792K, reserved 1048576K
}
Event: 6.828 GC heap after
{Heap after GC invocations=5 (full 0):
 garbage-first heap   total 63488K, used 15729K [0x00000000a0000000, 0x0000000100000000)
  region size 1024K, 2 young (2048K), 2 survivors (2048K)
 Metaspace       used 10844K, capacity 11308K, committed 11520K, reserved 1058816K
  class space    used 1549K, capacity 1689K, committed 1792K, reserved 1048576K
}
Event: 7.875 GC heap before
{Heap before GC invocations=5 (full 0):
 garbage-first heap   total 63488K, used 37233K [0x00000000a0000000, 0x0000000100000000)
  region size 1024K, 24 young (24576K), 2 survivors (2048K)
 Metaspace       used 13730K, capacity 14275K, committed 14592K, reserved 1060864K
  class space    used 2016K, capacity 2192K, committed 2304K, reserved 1048576K
}
Event: 7.884 GC heap after
{Heap after GC invocations=6 (full 0):
 garbage-first heap   total 63488K, used 16801K [0x00000000a0000000, 0x0000000100000000)
  region size 1024K, 3 young (3072K), 3 survivors (3072K)
 Metaspace       used 13730K, capacity 14275K, committed 14592K, reserved 1060864K
  class space    used 2016K, capacity 2192K, committed 2304K, reserved 1048576K
}
Event: 9.067 GC heap before
{Heap before GC invocations=6 (full 0):
 garbage-first heap   total 63488K, used 51617K [0x00000000a0000000, 0x0000000100000000)
  region size 1024K, 26 young (26624K), 3 survivors (3072K)
 Metaspace       used 16614K, capacity 17168K, committed 17280K, reserved 1064960K
  class space    used 2463K, capacity 2658K, committed 2688K, reserved 1048576K
}
Event: 9.079 GC heap after
{Heap after GC invocations=7 (full 0):
 garbage-first heap   total 63488K, used 31627K [0x00000000a0000000, 0x0000000100000000)
  region size 1024K, 4 young (4096K), 4 survivors (4096K)
 Metaspace       used 16614K, capacity 17168K, committed 17280K, reserved 1064960K
  class space    used 2463K, capacity 2658K, committed 2688K, reserved 1048576K
}
Event: 9.887 GC heap before
{Heap before GC invocations=7 (full 0):
 garbage-first heap   total 63488K, used 46987K [0x00000000a0000000, 0x0000000100000000)
  region size 1024K, 20 young (20480K), 4 survivors (4096K)
 Metaspace       used 18961K, capacity 19586K, committed 19712K, reserved 1067008K
  class space    used 2806K, capacity 3026K, committed 3072K, reserved 1048576K
}
Event: 9.898 GC heap after
{Heap after GC invocations=8 (full 0):
 garbage-first heap   total 76800K, used 33432K [0x00000000a0000000, 0x0000000100000000)
  region size 1024K, 2 young (2048K), 2 survivors (2048K)
 Metaspace       used 18961K, capacity 19586K, committed 19712K, reserved 1067008K
  class space    used 2806K, capacity 3026K, committed 3072K, reserved 1048576K
}
Event: 10.139 GC heap before
{Heap before GC invocations=8 (full 0):
 garbage-first heap   total 76800K, used 36504K [0x00000000a0000000, 0x0000000100000000)
  region size 1024K, 6 young (6144K), 2 survivors (2048K)
 Metaspace       used 20638K, capacity 21188K, committed 21296K, reserved 1067008K
  class space    used 2918K, capacity 3156K, committed 3200K, reserved 1048576K
}
Event: 10.149 GC heap after
{Heap after GC invocations=9 (full 0):
 garbage-first heap   total 76800K, used 33670K [0x00000000a0000000, 0x0000000100000000)
  region size 1024K, 1 young (1024K), 1 survivors (1024K)
 Metaspace       used 20638K, capacity 21188K, committed 21296K, reserved 1067008K
  class space    used 2918K, capacity 3156K, committed 3200K, reserved 1048576K
}
Event: 10.903 GC heap before
{Heap before GC invocations=10 (full 0):
 garbage-first heap   total 76800K, used 43910K [0x00000000a0000000, 0x0000000100000000)
  region size 1024K, 13 young (13312K), 1 survivors (1024K)
 Metaspace       used 22979K, capacity 23677K, committed 23984K, reserved 1069056K
  class space    used 3235K, capacity 3474K, committed 3584K, reserved 1048576K
}
Event: 10.915 GC heap after
{Heap after GC invocations=11 (full 0):
 garbage-first heap   total 76800K, used 35508K [0x00000000a0000000, 0x0000000100000000)
  region size 1024K, 3 young (3072K), 3 survivors (3072K)
 Metaspace       used 22979K, capacity 23677K, committed 23984K, reserved 1069056K
  class space    used 3235K, capacity 3474K, committed 3584K, reserved 1048576K
}
Event: 11.583 GC heap before
{Heap before GC invocations=12 (full 0):
 garbage-first heap   total 76800K, used 55988K [0x00000000a0000000, 0x0000000100000000)
  region size 1024K, 21 young (21504K), 3 survivors (3072K)
 Metaspace       used 25584K, capacity 26249K, committed 26544K, reserved 1073152K
  class space    used 3500K, capacity 3734K, committed 3840K, reserved 1048576K
}
Event: 11.592 GC heap after
{Heap after GC invocations=13 (full 0):
 garbage-first heap   total 76800K, used 35588K [0x00000000a0000000, 0x0000000100000000)
  region size 1024K, 1 young (1024K), 1 survivors (1024K)
 Metaspace       used 25584K, capacity 26249K, committed 26544K, reserved 1073152K
  class space    used 3500K, capacity 3734K, committed 3840K, reserved 1048576K
}

